#
# There is insufficient memory for the Java Runtime Environment to continue.
# Native memory allocation (mmap) failed to map 184549376 bytes for Failed to commit area from 0x00000000c0000000 to 0x00000000cb000000 of length 184549376.
# Possible reasons:
#   The system is out of physical RAM or swap space
#   The process is running with CompressedOops enabled, and the Java Heap may be blocking the growth of the native heap
# Possible solutions:
#   Reduce memory load on the system
#   Increase physical memory or swap space
#   Check if swap backing store is full
#   Decrease Java heap size (-Xmx/-Xms)
#   Decrease number of Java threads
#   Decrease Java thread stack sizes (-Xss)
#   Set larger code cache with -XX:ReservedCodeCacheSize=
# This output file may be truncated or incomplete.
#
#  Out of Memory Error (t:/workspace/open/src/hotspot/os/windows/os_windows.cpp:3301), pid=13424, tid=5200
#
# JRE version:  (13.0.2+8) (build )
# Java VM: Java HotSpot(TM) 64-Bit Server VM (13.0.2+8, mixed mode, aot, sharing, tiered, compressed oops, g1 gc, windows-amd64)
# No core dump will be written. Minidumps are not enabled by default on client versions of Windows
#

---------------  S U M M A R Y ------------

Command Line: -Xmx1024M 

Host: AMD A12-9720P RADEON R7, 12 COMPUTE CORES 4C+8G, 4 cores, 10G,  Windows 10 , 64 bit Build 18362 (10.0.18362.329)
Time: Sun Jan 31 10:55:41 2021 E. Africa Standard Time elapsed time: 0 seconds (0d 0h 0m 0s)

---------------  T H R E A D  ---------------

Current thread (0x0000028ac59da800):  JavaThread "Unknown thread" [_thread_in_vm, id=5200, stack(0x000000ebb2e00000,0x000000ebb2f00000)]

Stack: [0x000000ebb2e00000,0x000000ebb2f00000]
Native frames: (J=compiled Java code, j=interpreted, Vv=VM code, C=native code)
V  [jvm.dll+0x624f9a]
V  [jvm.dll+0x770cfa]
V  [jvm.dll+0x7724af]
V  [jvm.dll+0x772ab3]
V  [jvm.dll+0x24bf08]
V  [jvm.dll+0x6222aa]
V  [jvm.dll+0x6170b5]
V  [jvm.dll+0x30a88c]
V  [jvm.dll+0x30a6c2]
V  [jvm.dll+0x30fe36]
V  [jvm.dll+0x353f46]
V  [jvm.dll+0x353720]
V  [jvm.dll+0x2e550a]
V  [jvm.dll+0x2e67a2]
V  [jvm.dll+0x74dd78]
V  [jvm.dll+0x361989]
V  [jvm.dll+0x730e65]
V  [jvm.dll+0x3cc53f]
V  [jvm.dll+0x3ce861]
C  [jli.dll+0x51ff]
C  [ucrtbase.dll+0x20e72]
C  [KERNEL32.DLL+0x17bd4]
C  [ntdll.dll+0x6ced1]


---------------  P R O C E S S  ---------------

Threads class SMR info:
_java_thread_list=0x00007ffd9153ccb8, length=0, elements={
}

Java Threads: ( => current thread )

Other Threads:
  0x0000028ac5a0b800 GCTaskThread "GC Thread#0" [stack: 0x000000ebb2f00000,0x000000ebb3000000] [id=11300]
  0x0000028ac5a15000 ConcurrentGCThread "G1 Main Marker" [stack: 0x000000ebb3000000,0x000000ebb3100000] [id=7552]
  0x0000028ac5a16800 ConcurrentGCThread "G1 Conc#0" [stack: 0x000000ebb3100000,0x000000ebb3200000] [id=13840]

[error occurred during error reporting (printing all threads), id 0xc0000005, EXCEPTION_ACCESS_VIOLATION (0xc0000005) at pc=0x00007ffd90d751d7]

VM state:not at safepoint (not fully initialized)

VM Mutex/Monitor currently owned by a thread:  ([mutex/lock_event])
[0x0000028ac59d5ba0] Heap_lock - owner thread: 0x0000028ac59da800

Heap address: 0x00000000c0000000, size: 1024 MB, Compressed Oops mode: Non-zero based: 0x00000000c0000000
Narrow klass base: 0x0000000000000000, Narrow klass shift: 0

GC Heap History (0 events):
No events

Deoptimization events (0 events):
No events

Classes unloaded (0 events):
No events

Classes redefined (0 events):
No events

Internal exceptions (0 events):
No events

Events (8 events):
Event: 0.188 Loaded shared library C:\Program Files\Java\jdk-13.0.2\bin\zip.dll
Event: 0.190 Loaded shared library C:\Program Files\Java\jdk-13.0.2\bin\jimage.dll
Event: 0.195 Loading shared library C:\Program Files\Java\jdk-13.0.2\lib\libjava.base-coop.dll failed, error code 126
Event: 0.195 Loading shared library C:\Program Files\Java\jdk-13.0.2\lib\libjava.logging-coop.dll failed, error code 126
Event: 0.195 Loading shared library C:\Program Files\Java\jdk-13.0.2\lib\libjdk.compiler-coop.dll failed, error code 126
Event: 0.195 Loading shared library C:\Program Files\Java\jdk-13.0.2\lib\libjdk.scripting.nashorn-coop.dll failed, error code 126
Event: 0.195 Loading shared library C:\Program Files\Java\jdk-13.0.2\lib\libjdk.internal.vm.ci-coop.dll failed, error code 126
Event: 0.195 Loading shared library C:\Program Files\Java\jdk-13.0.2\lib\libjdk.internal.vm.compiler-coop.dll failed, error code 126


Dynamic libraries:
0x00007ff71ab50000 - 0x00007ff71ab5f000 	C:\Program Files\Java\jdk-13.0.2\bin\java.exe
0x00007ffde24e0000 - 0x00007ffde26d0000 	C:\Windows\SYSTEM32\ntdll.dll
0x00007ffde1d80000 - 0x00007ffde1e32000 	C:\Windows\System32\KERNEL32.DLL
0x00007ffddf670000 - 0x00007ffddf913000 	C:\Windows\System32\KERNELBASE.dll
0x00007ffddf920000 - 0x00007ffddfa1a000 	C:\Windows\System32\ucrtbase.dll
0x00007ffdcd580000 - 0x00007ffdcd598000 	C:\Program Files\Java\jdk-13.0.2\bin\jli.dll
0x00007ffde0590000 - 0x00007ffde0633000 	C:\Windows\System32\ADVAPI32.dll
0x00007ffde13b0000 - 0x00007ffde144e000 	C:\Windows\System32\msvcrt.dll
0x00007ffde1e40000 - 0x00007ffde1ed7000 	C:\Windows\System32\sechost.dll
0x00007ffde1200000 - 0x00007ffde1320000 	C:\Windows\System32\RPCRT4.dll
0x00007ffde0bf0000 - 0x00007ffde0d84000 	C:\Windows\System32\USER32.dll
0x00007ffddf620000 - 0x00007ffddf641000 	C:\Windows\System32\win32u.dll
0x00007ffde08e0000 - 0x00007ffde0906000 	C:\Windows\System32\GDI32.dll
0x00007ffddfa80000 - 0x00007ffddfc14000 	C:\Windows\System32\gdi32full.dll
0x00007ffde04f0000 - 0x00007ffde058e000 	C:\Windows\System32\msvcp_win.dll
0x00007ffdcd560000 - 0x00007ffdcd575000 	C:\Program Files\Java\jdk-13.0.2\bin\VCRUNTIME140.dll
0x00007ffdcd9c0000 - 0x00007ffdcdc45000 	C:\Windows\WinSxS\amd64_microsoft.windows.common-controls_6595b64144ccf1df_6.0.18362.657_none_e6c5b579130e3898\COMCTL32.dll
0x00007ffde1ee0000 - 0x00007ffde2216000 	C:\Windows\System32\combase.dll
0x00007ffddf520000 - 0x00007ffddf5a0000 	C:\Windows\System32\bcryptPrimitives.dll
0x00007ffddde90000 - 0x00007ffddde9a000 	C:\Windows\SYSTEM32\VERSION.dll
0x00007ffde1380000 - 0x00007ffde13ae000 	C:\Windows\System32\IMM32.DLL
0x00007ffd934d0000 - 0x00007ffd9356b000 	C:\Program Files\Java\jdk-13.0.2\bin\msvcp140.dll
0x00007ffd90a80000 - 0x00007ffd915dd000 	C:\Program Files\Java\jdk-13.0.2\bin\server\jvm.dll
0x00007ffde1680000 - 0x00007ffde1688000 	C:\Windows\System32\PSAPI.DLL
0x00007ffdc49d0000 - 0x00007ffdc49d9000 	C:\Windows\SYSTEM32\WSOCK32.dll
0x00007ffde1610000 - 0x00007ffde167f000 	C:\Windows\System32\WS2_32.dll
0x00007ffddc940000 - 0x00007ffddc964000 	C:\Windows\SYSTEM32\WINMM.dll
0x00007ffddc910000 - 0x00007ffddc93d000 	C:\Windows\SYSTEM32\WINMMBASE.dll
0x00007ffddf5d0000 - 0x00007ffddf61a000 	C:\Windows\System32\cfgmgr32.dll
0x00007ffddf400000 - 0x00007ffddf411000 	C:\Windows\System32\kernel.appcore.dll
0x00007ffdd57f0000 - 0x00007ffdd5800000 	C:\Program Files\Java\jdk-13.0.2\bin\verify.dll
0x00007ffdd6480000 - 0x00007ffdd6674000 	C:\Windows\SYSTEM32\DBGHELP.DLL
0x00007ffdb8fa0000 - 0x00007ffdb8fca000 	C:\Windows\SYSTEM32\dbgcore.DLL
0x00007ffdcce90000 - 0x00007ffdcceb6000 	C:\Program Files\Java\jdk-13.0.2\bin\java.dll
0x00007ffdcce70000 - 0x00007ffdcce87000 	C:\Program Files\Java\jdk-13.0.2\bin\zip.dll
0x00007ffdcd550000 - 0x00007ffdcd55a000 	C:\Program Files\Java\jdk-13.0.2\bin\jimage.dll

dbghelp: loaded successfully - version: 4.0.5 - missing functions: none
symbol engine: initialized successfully - sym options: 0x614 - pdb path: .;C:\Program Files\Java\jdk-13.0.2\bin;C:\Windows\SYSTEM32;C:\Windows\WinSxS\amd64_microsoft.windows.common-controls_6595b64144ccf1df_6.0.18362.657_none_e6c5b579130e3898;C:\Program Files\Java\jdk-13.0.2\bin\server

VM Arguments:
jvm_args: -Xmx1024M 
java_command: <unknown>
java_class_path (initial): <not set>
Launcher Type: SUN_STANDARD

[Global flags]
     intx CICompilerCount                          = 3                                         {product} {ergonomic}
     uint ConcGCThreads                            = 1                                         {product} {ergonomic}
     uint G1ConcRefinementThreads                  = 4                                         {product} {ergonomic}
   size_t G1HeapRegionSize                         = 1048576                                   {product} {ergonomic}
    uintx GCDrainStackTargetSize                   = 64                                        {product} {ergonomic}
   size_t InitialHeapSize                          = 184549376                                 {product} {ergonomic}
   size_t MarkStackSize                            = 4194304                                   {product} {ergonomic}
   size_t MaxHeapSize                              = 1073741824                                {product} {command line}
   size_t MinHeapDeltaBytes                        = 1048576                                   {product} {ergonomic}
   size_t MinHeapSize                              = 8388608                                   {product} {ergonomic}
    uintx NonNMethodCodeHeapSize                   = 5832780                                {pd product} {ergonomic}
    uintx NonProfiledCodeHeapSize                  = 122912730                              {pd product} {ergonomic}
    uintx ProfiledCodeHeapSize                     = 122912730                              {pd product} {ergonomic}
    uintx ReservedCodeCacheSize                    = 251658240                              {pd product} {ergonomic}
     bool SegmentedCodeCache                       = true                                      {product} {ergonomic}
   size_t SoftMaxHeapSize                          = 1073741824                             {manageable} {ergonomic}
     bool UseCompressedClassPointers               = true                                 {lp64_product} {ergonomic}
     bool UseCompressedOops                        = true                                 {lp64_product} {ergonomic}
     bool UseG1GC                                  = true                                      {product} {ergonomic}
     bool UseLargePagesIndividualAllocation        = false                                  {pd product} {ergonomic}

Logging:
Log output configuration:
 #0: stdout all=warning uptime,level,tags
 #1: stderr all=off uptime,level,tags

Environment Variables:
JAVA_HOME=C:\Program Files\Java\jdk-13.0.2\bin
_JAVA_OPTIONS=-Xmx1024M
PATH=C:\Program Files (x86)\Common Files\Oracle\Java\javapath;C:\Windows\system32;C:\Windows;C:\Windows\System32\Wbem;C:\Windows\System32\WindowsPowerShell\v1.0\;C:\Windows\System32\OpenSSH\;C:\Program Files\Git\cmd;C:\Program Files\nodejs\;C:\Program Files\Java\jdk-13.0.2\bin;C:\Program Files\dotnet\;C:\Program Files\Microsoft SQL Server\130\Tools\Binn\;C:\Program Files\Microsoft SQL Server\Client SDK\ODBC\170\Tools\Binn\;C:\Program Files (x86)\Microsoft SQL Server\150\Tools\Binn\;C:\Program Files\Microsoft SQL Server\150\Tools\Binn\;C:\Program Files\Microsoft SQL Server\150\DTS\Binn\;C:\Program Files (x86)\Microsoft SQL Server\150\DTS\Binn\;C:\Program Files\Azure Data Studio\bin;C:\Users\Ian Okumu\AppData\Local\Microsoft\WindowsApps;F:\blp\DAPI;F:\blp\DAPI\DDE;C:\Users\Ian Okumu\AppData\Local\Programs\Microsoft VS Code\bin;C:\Users\Ian Okumu\AppData\Roaming\npm;C:\Program Files\JetBrains\IntelliJ IDEA Community Edition 2019.3.1\bin;;C:\xampp\php;C:\Users\Ian Okumu\AppData\Local\Google\Cloud SDK\google-cloud-sdk\bin;C:\Users\Ian Okumu\.dotnet\tools;C:\Program Files\Azure Data Studio\bin
USERNAME=Ian Okumu
OS=Windows_NT
PROCESSOR_IDENTIFIER=AMD64 Family 21 Model 101 Stepping 1, AuthenticAMD



---------------  S Y S T E M  ---------------

OS: Windows 10 , 64 bit Build 18362 (10.0.18362.329)
HyperV virtualization detected

CPU:total 4 (initial active 4) (4 cores per cpu, 1 threads per core) family 21 model 101 stepping 1, cmov, cx8, fxsr, mmx, sse, sse2, sse3, ssse3, sse4.1, sse4.2, popcnt, avx, avx2, aes, clmul, mmxext, 3dnowpref, lzcnt, sse4a, tsc, tscinvbit, tscinv, bmi1, bmi2, fma

Memory: 4k page, system-wide physical 11202M (340M free)
TotalPageFile size 26384M (AvailPageFile size 154M)
current process WorkingSet (physical memory assigned to process): 9M, peak: 9M
current process commit charge ("private bytes"): 51M, peak: 227M

vm_info: Java HotSpot(TM) 64-Bit Server VM (13.0.2+8) for windows-amd64 JRE (13.0.2+8), built on Dec 11 2019 09:20:33 by "mach5one" with unknown MS VC++:1916

END.
